::1 - [24/Sep/2020:07:50:42 +0000] GET /code HTTP/1.1 200 7280 "-" "PostmanRuntime/7.15.0" - 6.198 ms
::1 - [24/Sep/2020:07:50:46 +0000] GET /code HTTP/1.1 200 8008 "-" "PostmanRuntime/7.15.0" - 6.656 ms
::1 - [25/Sep/2020:07:32:05 +0000] POST /register HTTP/1.1 200 31 "-" "PostmanRuntime/7.15.0" - 5.024 ms
::1 - [28/Sep/2020:06:16:31 +0000] POST /searchMovie HTTP/1.1 200 76 "-" "PostmanRuntime/7.15.0" - 126.953 ms
::1 - [28/Sep/2020:06:16:42 +0000] POST /searchMovie HTTP/1.1 200 2831 "-" "PostmanRuntime/7.15.0" - 10.279 ms
::1 - [28/Sep/2020:06:16:49 +0000] POST /searchMovie HTTP/1.1 200 2751 "-" "PostmanRuntime/7.15.0" - 10.164 ms
::1 - [28/Sep/2020:06:16:53 +0000] POST /searchMovie HTTP/1.1 200 76 "-" "PostmanRuntime/7.15.0" - 33.683 ms
::1 - [28/Sep/2020:06:40:41 +0000] POST /searchMovie HTTP/1.1 200 76 "-" "PostmanRuntime/7.15.0" - 40.586 ms
::1 - [28/Sep/2020:07:05:13 +0000] POST /searchMovie HTTP/1.1 200 76 "-" "PostmanRuntime/7.15.0" - 38.507 ms
::1 - [28/Sep/2020:07:05:28 +0000] GET /code HTTP/1.1 200 8907 "-" "PostmanRuntime/7.15.0" - 6.762 ms
::1 - [28/Sep/2020:07:05:43 +0000] POST /login HTTP/1.1 200 293 "-" "PostmanRuntime/7.15.0" - 3.124 ms
::1 - [28/Sep/2020:08:53:56 +0000] GET /code HTTP/1.1 200 9744 "-" "PostmanRuntime/7.15.0" - 9.587 ms
::1 - [28/Sep/2020:08:54:09 +0000] GET /code HTTP/1.1 200 10500 "-" "PostmanRuntime/7.15.0" - 13.367 ms
::1 - [28/Sep/2020:08:59:16 +0000] GET /code HTTP/1.1 200 8977 "-" "PostmanRuntime/7.15.0" - 7.231 ms
::1 - [28/Sep/2020:08:59:56 +0000] POST /login HTTP/1.1 200 293 "-" "PostmanRuntime/7.15.0" - 6.033 ms
::1 - [28/Sep/2020:09:01:50 +0000] GET /code HTTP/1.1 200 12120 "-" "PostmanRuntime/7.15.0" - 8.067 ms
::1 - [28/Sep/2020:09:02:05 +0000] GET /code HTTP/1.1 200 8440 "-" "PostmanRuntime/7.15.0" - 7.582 ms
::1 - [28/Sep/2020:09:02:17 +0000] POST /login HTTP/1.1 200 293 "-" "PostmanRuntime/7.15.0" - 5.869 ms
::1 - [28/Sep/2020:09:02:35 +0000] POST /login HTTP/1.1 500 34 "-" "PostmanRuntime/7.15.0" - 3.798 ms
::1 - [28/Sep/2020:09:02:43 +0000] GET /code HTTP/1.1 200 7895 "-" "PostmanRuntime/7.15.0" - 6.103 ms
::1 - [28/Sep/2020:09:02:54 +0000] POST /login HTTP/1.1 200 293 "-" "PostmanRuntime/7.15.0" - 5.447 ms
::1 - [28/Sep/2020:09:07:43 +0000] GET /code HTTP/1.1 200 11342 "-" "PostmanRuntime/7.15.0" - 8.058 ms
::1 - [28/Sep/2020:09:07:54 +0000] POST /login HTTP/1.1 200 293 "-" "PostmanRuntime/7.15.0" - 7.118 ms
::1 - [28/Sep/2020:09:20:54 +0000] GET /code HTTP/1.1 200 8466 "-" "PostmanRuntime/7.15.0" - 7.215 ms
::1 - [28/Sep/2020:09:21:05 +0000] POST /login HTTP/1.1 200 293 "-" "PostmanRuntime/7.15.0" - 6.611 ms
::1 - [28/Sep/2020:09:27:33 +0000] GET /code HTTP/1.1 200 9278 "-" "PostmanRuntime/7.15.0" - 7.374 ms
::1 - [28/Sep/2020:09:27:42 +0000] POST /login HTTP/1.1 200 293 "-" "PostmanRuntime/7.15.0" - 6.733 ms
::1 - [13/Oct/2020:06:29:37 +0000] GET /code HTTP/1.1 200 8079 "-" "PostmanRuntime/7.15.0" - 14.886 ms
::1 - [13/Oct/2020:06:29:49 +0000] POST /login HTTP/1.1 200 293 "-" "PostmanRuntime/7.15.0" - 19.387 ms
::1 - [13/Oct/2020:06:30:26 +0000] POST /searchMovie HTTP/1.1 200 76 "-" "PostmanRuntime/7.15.0" - 119.676 ms
::1 - [13/Oct/2020:06:30:47 +0000] POST /searchMovie HTTP/1.1 200 76 "-" "PostmanRuntime/7.15.0" - 48.957 ms
::1 - [13/Oct/2020:06:32:35 +0000] POST /searchMovie HTTP/1.1 500 1103 "-" "PostmanRuntime/7.15.0" - 1.524 ms
::1 - [13/Oct/2020:06:36:12 +0000] POST /searchMovie HTTP/1.1 500 1100 "-" "PostmanRuntime/7.15.0" - 1.645 ms
::1 - [13/Oct/2020:06:36:17 +0000] GET /code HTTP/1.1 500 1107 "-" "PostmanRuntime/7.15.0" - 0.710 ms
::1 - [13/Oct/2020:06:37:42 +0000] GET /code HTTP/1.1 200 9580 "-" "PostmanRuntime/7.15.0" - 7.050 ms
::1 - [13/Oct/2020:06:37:52 +0000] POST /login HTTP/1.1 200 293 "-" "PostmanRuntime/7.15.0" - 5.656 ms
::1 - [13/Oct/2020:06:38:09 +0000] POST /searchMovie HTTP/1.1 500 1101 "-" "PostmanRuntime/7.15.0" - 0.951 ms
::1 - [13/Oct/2020:06:38:45 +0000] GET /code HTTP/1.1 200 9525 "-" "PostmanRuntime/7.15.0" - 13.919 ms
::1 - [13/Oct/2020:06:38:55 +0000] POST /login HTTP/1.1 200 293 "-" "PostmanRuntime/7.15.0" - 6.313 ms
::1 - [13/Oct/2020:06:39:11 +0000] POST /searchMovie HTTP/1.1 500 1101 "-" "PostmanRuntime/7.15.0" - 2.003 ms
::1 - [13/Oct/2020:06:39:47 +0000] POST /searchMovie HTTP/1.1 200 76 "-" "PostmanRuntime/7.15.0" - 39.725 ms
::1 - [13/Oct/2020:06:41:27 +0000] POST /searchMovie HTTP/1.1 500 1101 "-" "PostmanRuntime/7.15.0" - 2.337 ms
::1 - [13/Oct/2020:06:45:30 +0000] POST /searchMovie HTTP/1.1 500 1101 "-" "PostmanRuntime/7.15.0" - 2.375 ms
::1 - [13/Oct/2020:06:45:39 +0000] POST /searchMovie HTTP/1.1 500 1101 "-" "PostmanRuntime/7.15.0" - 1.137 ms
::1 - [13/Oct/2020:06:45:53 +0000] POST /searchMovie HTTP/1.1 200 76 "-" "PostmanRuntime/7.15.0" - 39.404 ms
::1 - [13/Oct/2020:06:45:54 +0000] POST /searchMovie HTTP/1.1 200 76 "-" "PostmanRuntime/7.15.0" - 34.305 ms
::1 - [13/Oct/2020:06:46:38 +0000] POST /searchMovie HTTP/1.1 500 1101 "-" "PostmanRuntime/7.15.0" - 2.525 ms
::1 - [13/Oct/2020:06:47:48 +0000] POST /searchMovie HTTP/1.1 200 76 "-" "PostmanRuntime/7.15.0" - 39.236 ms
::1 - [13/Oct/2020:06:48:01 +0000] POST /searchMovie HTTP/1.1 200 76 "-" "PostmanRuntime/7.15.0" - 39.807 ms
::1 - [13/Oct/2020:06:48:16 +0000] POST /searchMovie HTTP/1.1 200 76 "-" "PostmanRuntime/7.15.0" - 39.222 ms
::1 - [13/Oct/2020:06:49:35 +0000] POST /searchMovie HTTP/1.1 500 1100 "-" "PostmanRuntime/7.15.0" - 1.796 ms
::1 - [13/Oct/2020:06:49:43 +0000] GET /code HTTP/1.1 200 9158 "-" "PostmanRuntime/7.15.0" - 6.948 ms
::1 - [13/Oct/2020:06:49:53 +0000] POST /login HTTP/1.1 200 293 "-" "PostmanRuntime/7.15.0" - 5.246 ms
::1 - [13/Oct/2020:06:50:08 +0000] POST /searchMovie HTTP/1.1 500 1100 "-" "PostmanRuntime/7.15.0" - 0.292 ms
::1 - [13/Oct/2020:06:52:28 +0000] POST /searchMovie HTTP/1.1 500 1100 "-" "PostmanRuntime/7.15.0" - 1.630 ms
::1 - [13/Oct/2020:06:52:36 +0000] POST /searchMovie HTTP/1.1 200 76 "-" "PostmanRuntime/7.15.0" - 37.174 ms
::1 - [13/Oct/2020:06:53:55 +0000] POST /searchMovie HTTP/1.1 500 1100 "-" "PostmanRuntime/7.15.0" - 1.772 ms
::1 - [13/Oct/2020:06:55:26 +0000] POST /searchMovie HTTP/1.1 500 1100 "-" "PostmanRuntime/7.15.0" - 1.801 ms
::1 - [13/Oct/2020:06:56:07 +0000] POST /searchMovie HTTP/1.1 200 76 "-" "PostmanRuntime/7.15.0" - 38.756 ms
::1 - [13/Oct/2020:06:56:23 +0000] POST /searchMovie HTTP/1.1 200 76 "-" "PostmanRuntime/7.15.0" - 51.425 ms
::1 - [13/Oct/2020:06:56:35 +0000] POST /searchMovie HTTP/1.1 500 1107 "-" "PostmanRuntime/7.15.0" - 1.858 ms
::1 - [13/Oct/2020:06:56:49 +0000] POST /searchMovie HTTP/1.1 200 76 "-" "PostmanRuntime/7.15.0" - 42.370 ms
::1 - [13/Oct/2020:06:56:59 +0000] POST /searchMovie HTTP/1.1 200 76 "-" "PostmanRuntime/7.15.0" - 41.238 ms
::1 - [13/Oct/2020:06:57:32 +0000] POST /searchMovie HTTP/1.1 200 76 "-" "PostmanRuntime/7.15.0" - 43.210 ms
::1 - [13/Oct/2020:06:57:39 +0000] POST /searchMovie HTTP/1.1 200 76 "-" "PostmanRuntime/7.15.0" - 42.445 ms
::1 - [13/Oct/2020:07:01:00 +0000] POST /searchMovie HTTP/1.1 200 76 "-" "PostmanRuntime/7.15.0" - 38.887 ms
::1 - [13/Oct/2020:07:09:15 +0000] GET /code HTTP/1.1 500 33 "-" "PostmanRuntime/7.15.0" - 9.764 ms
::1 - [13/Oct/2020:07:09:27 +0000] GET /code HTTP/1.1 500 33 "-" "PostmanRuntime/7.15.0" - 4.584 ms
::1 - [13/Oct/2020:07:09:35 +0000] GET /code HTTP/1.1 200 8589 "-" "PostmanRuntime/7.15.0" - 7.125 ms
::1 - [13/Oct/2020:07:09:45 +0000] POST /login HTTP/1.1 200 293 "-" "PostmanRuntime/7.15.0" - 6.794 ms
::1 - [13/Oct/2020:07:16:46 +0000] GET /code HTTP/1.1 200 9279 "-" "PostmanRuntime/7.15.0" - 11.517 ms
::1 - [13/Oct/2020:07:18:35 +0000] GET /code HTTP/1.1 200 8498 "-" "PostmanRuntime/7.15.0" - 13.667 ms
::1 - [13/Oct/2020:07:18:45 +0000] POST /login HTTP/1.1 200 293 "-" "PostmanRuntime/7.15.0" - 183.651 ms
::1 - [13/Oct/2020:07:19:29 +0000] GET /code HTTP/1.1 200 9475 "-" "PostmanRuntime/7.15.0" - 13.361 ms
::1 - [13/Oct/2020:07:19:41 +0000] POST /login HTTP/1.1 200 293 "-" "PostmanRuntime/7.15.0" - 5.093 ms
::1 - [13/Oct/2020:07:19:47 +0000] POST /login HTTP/1.1 500 34 "-" "PostmanRuntime/7.15.0" - 0.709 ms
::1 - [13/Oct/2020:07:19:55 +0000] GET /code HTTP/1.1 200 8328 "-" "PostmanRuntime/7.15.0" - 4.987 ms
::1 - [13/Oct/2020:07:19:59 +0000] GET /code HTTP/1.1 200 9818 "-" "PostmanRuntime/7.15.0" - 5.346 ms
::1 - [13/Oct/2020:07:20:13 +0000] POST /login HTTP/1.1 200 293 "-" "PostmanRuntime/7.15.0" - 1.610 ms
::1 - [13/Oct/2020:07:20:20 +0000] POST /login HTTP/1.1 200 293 "-" "PostmanRuntime/7.15.0" - 1.442 ms
::1 - [13/Oct/2020:07:20:23 +0000] POST /login HTTP/1.1 500 34 "-" "PostmanRuntime/7.15.0" - 0.646 ms
