GET~::1~/code
t4xk
GET~::1~~/code
5cnu
GET~::1~~/code~localhost
xevz
GET~~/code~localhost~::1
xdve
GET~~/code~~localhost~~::1
cq8q
GET~~/code~~localhost~~::1~/code
rxbh
running
GET~~/code~~localhost~~::1~~http
atfw
running
running
running
running
running
GET~~/code~~localhost~~::1~~http
eewe
running
running
running
GET~~/code~~localhost~~::1~~http
fe6l
running
running
running
GET~~/code~~localhost~~::1~~http
86hn
running
running
running
running
running
running
running
GET~~/code~~localhost~~::1~~http~~get：[object Object]~~post:[object Object]
pwar
running
running
running
running
running
running
running
running
running
running
running
running
running
running
running
running
running
running
running
running
running
running
qex6
running
running
byx3
running
running
running
running
kfj9
running
running
xgwt
running
running
yea5
running
vnek
running
running
running
running
running
running
running
running
running
running
running
running
ytrj
running
vdze
running
running
running
