D:\htd\ks_end\app.js:62
    console.log(`${req.method}~~${req.path}~~${req.hostname}~~${req.ip}~~${req.protocol}~~${req.query}~~${}`)
                                                                                                          ^

SyntaxError: Unexpected token '}'
    at Module._compile (internal/modules/cjs/loader.js:895:18)
    at Object.Module._extensions..js (internal/modules/cjs/loader.js:995:10)
    at Module.load (internal/modules/cjs/loader.js:815:32)
    at Function.Module._load (internal/modules/cjs/loader.js:727:14)
    at Object.<anonymous> (C:\Users\Admin\AppData\Roaming\npm\node_modules\pm2\lib\ProcessContainerFork.js:32:23)
    at Module._compile (internal/modules/cjs/loader.js:959:30)
    at Object.Module._extensions..js (internal/modules/cjs/loader.js:995:10)
    at Module.load (internal/modules/cjs/loader.js:815:32)
    at Function.Module._load (internal/modules/cjs/loader.js:727:14)
    at Function.Module.runMain (internal/modules/cjs/loader.js:1047:10)
D:\htd\ks_end\app.js:62
    console.log(`${req.method}~~${req.path}~~${req.hostname}~~${req.ip}~~${req.protocol}~~${req.query}~~${}`)
                                                                                                          ^

SyntaxError: Unexpected token '}'
    at Module._compile (internal/modules/cjs/loader.js:895:18)
    at Object.Module._extensions..js (internal/modules/cjs/loader.js:995:10)
    at Module.load (internal/modules/cjs/loader.js:815:32)
    at Function.Module._load (internal/modules/cjs/loader.js:727:14)
    at Object.<anonymous> (C:\Users\Admin\AppData\Roaming\npm\node_modules\pm2\lib\ProcessContainerFork.js:32:23)
    at Module._compile (internal/modules/cjs/loader.js:959:30)
    at Object.Module._extensions..js (internal/modules/cjs/loader.js:995:10)
    at Module.load (internal/modules/cjs/loader.js:815:32)
    at Function.Module._load (internal/modules/cjs/loader.js:727:14)
    at Function.Module.runMain (internal/modules/cjs/loader.js:1047:10)
D:\htd\ks_end\app.js:62
    console.log(`${req.method}~~${req.path}~~${req.hostname}~~${req.ip}~~${req.protocol}~~${req.query}~~${}`)
                                                                                                          ^

SyntaxError: Unexpected token '}'
    at Module._compile (internal/modules/cjs/loader.js:895:18)
    at Object.Module._extensions..js (internal/modules/cjs/loader.js:995:10)
    at Module.load (internal/modules/cjs/loader.js:815:32)
    at Function.Module._load (internal/modules/cjs/loader.js:727:14)
    at Object.<anonymous> (C:\Users\Admin\AppData\Roaming\npm\node_modules\pm2\lib\ProcessContainerFork.js:32:23)
    at Module._compile (internal/modules/cjs/loader.js:959:30)
    at Object.Module._extensions..js (internal/modules/cjs/loader.js:995:10)
    at Module.load (internal/modules/cjs/loader.js:815:32)
    at Function.Module._load (internal/modules/cjs/loader.js:727:14)
    at Function.Module.runMain (internal/modules/cjs/loader.js:1047:10)
D:\htd\ks_end\app.js:62
    console.log(`${req.method}~~${req.path}~~${req.hostname}~~${req.ip}~~${req.protocol}~~${req.query}~~${}`)
                                                                                                          ^

SyntaxError: Unexpected token '}'
    at Module._compile (internal/modules/cjs/loader.js:895:18)
    at Object.Module._extensions..js (internal/modules/cjs/loader.js:995:10)
    at Module.load (internal/modules/cjs/loader.js:815:32)
    at Function.Module._load (internal/modules/cjs/loader.js:727:14)
    at Object.<anonymous> (C:\Users\Admin\AppData\Roaming\npm\node_modules\pm2\lib\ProcessContainerFork.js:32:23)
    at Module._compile (internal/modules/cjs/loader.js:959:30)
    at Object.Module._extensions..js (internal/modules/cjs/loader.js:995:10)
    at Module.load (internal/modules/cjs/loader.js:815:32)
    at Function.Module._load (internal/modules/cjs/loader.js:727:14)
    at Function.Module.runMain (internal/modules/cjs/loader.js:1047:10)
D:\htd\ks_end\app.js:62
    console.log(`${req.method}~~${req.path}~~${req.hostname}~~${req.ip}~~${req.protocol}~~${req.query}~~${}`)
                                                                                                          ^

SyntaxError: Unexpected token '}'
    at Module._compile (internal/modules/cjs/loader.js:895:18)
    at Object.Module._extensions..js (internal/modules/cjs/loader.js:995:10)
    at Module.load (internal/modules/cjs/loader.js:815:32)
    at Function.Module._load (internal/modules/cjs/loader.js:727:14)
    at Object.<anonymous> (C:\Users\Admin\AppData\Roaming\npm\node_modules\pm2\lib\ProcessContainerFork.js:32:23)
    at Module._compile (internal/modules/cjs/loader.js:959:30)
    at Object.Module._extensions..js (internal/modules/cjs/loader.js:995:10)
    at Module.load (internal/modules/cjs/loader.js:815:32)
    at Function.Module._load (internal/modules/cjs/loader.js:727:14)
    at Function.Module.runMain (internal/modules/cjs/loader.js:1047:10)
D:\htd\ks_end\app.js:62
    console.log(`${req.method}~~${req.path}~~${req.hostname}~~${req.ip}~~${req.protocol}~~${req.query}~~${}`)
                                                                                                          ^

SyntaxError: Unexpected token '}'
    at Module._compile (internal/modules/cjs/loader.js:895:18)
    at Object.Module._extensions..js (internal/modules/cjs/loader.js:995:10)
    at Module.load (internal/modules/cjs/loader.js:815:32)
    at Function.Module._load (internal/modules/cjs/loader.js:727:14)
    at Object.<anonymous> (C:\Users\Admin\AppData\Roaming\npm\node_modules\pm2\lib\ProcessContainerFork.js:32:23)
    at Module._compile (internal/modules/cjs/loader.js:959:30)
    at Object.Module._extensions..js (internal/modules/cjs/loader.js:995:10)
    at Module.load (internal/modules/cjs/loader.js:815:32)
    at Function.Module._load (internal/modules/cjs/loader.js:727:14)
    at Function.Module.runMain (internal/modules/cjs/loader.js:1047:10)
D:\htd\ks_end\app.js:62
    console.log(`${req.method}~~${req.path}~~${req.hostname}~~${req.ip}~~${req.protocol}~~${req.query}~~${}`)
                                                                                                          ^

SyntaxError: Unexpected token '}'
    at Module._compile (internal/modules/cjs/loader.js:895:18)
    at Object.Module._extensions..js (internal/modules/cjs/loader.js:995:10)
    at Module.load (internal/modules/cjs/loader.js:815:32)
    at Function.Module._load (internal/modules/cjs/loader.js:727:14)
    at Object.<anonymous> (C:\Users\Admin\AppData\Roaming\npm\node_modules\pm2\lib\ProcessContainerFork.js:32:23)
    at Module._compile (internal/modules/cjs/loader.js:959:30)
    at Object.Module._extensions..js (internal/modules/cjs/loader.js:995:10)
    at Module.load (internal/modules/cjs/loader.js:815:32)
    at Function.Module._load (internal/modules/cjs/loader.js:727:14)
    at Function.Module.runMain (internal/modules/cjs/loader.js:1047:10)
D:\htd\ks_end\app.js:62
    console.log(`${req.method}~~${req.path}~~${req.hostname}~~${req.ip}~~${req.protocol}~~${req.query}~~${}`)
                                                                                                          ^

SyntaxError: Unexpected token '}'
    at Module._compile (internal/modules/cjs/loader.js:895:18)
    at Object.Module._extensions..js (internal/modules/cjs/loader.js:995:10)
    at Module.load (internal/modules/cjs/loader.js:815:32)
    at Function.Module._load (internal/modules/cjs/loader.js:727:14)
    at Object.<anonymous> (C:\Users\Admin\AppData\Roaming\npm\node_modules\pm2\lib\ProcessContainerFork.js:32:23)
    at Module._compile (internal/modules/cjs/loader.js:959:30)
    at Object.Module._extensions..js (internal/modules/cjs/loader.js:995:10)
    at Module.load (internal/modules/cjs/loader.js:815:32)
    at Function.Module._load (internal/modules/cjs/loader.js:727:14)
    at Function.Module.runMain (internal/modules/cjs/loader.js:1047:10)
D:\htd\ks_end\app.js:62
    console.log(`${req.method}~~${req.path}~~${req.hostname}~~${req.ip}~~${req.protocol}~~${req.query}~~${}`)
                                                                                                          ^

SyntaxError: Unexpected token '}'
    at Module._compile (internal/modules/cjs/loader.js:895:18)
    at Object.Module._extensions..js (internal/modules/cjs/loader.js:995:10)
    at Module.load (internal/modules/cjs/loader.js:815:32)
    at Function.Module._load (internal/modules/cjs/loader.js:727:14)
    at Object.<anonymous> (C:\Users\Admin\AppData\Roaming\npm\node_modules\pm2\lib\ProcessContainerFork.js:32:23)
    at Module._compile (internal/modules/cjs/loader.js:959:30)
    at Object.Module._extensions..js (internal/modules/cjs/loader.js:995:10)
    at Module.load (internal/modules/cjs/loader.js:815:32)
    at Function.Module._load (internal/modules/cjs/loader.js:727:14)
    at Function.Module.runMain (internal/modules/cjs/loader.js:1047:10)
D:\htd\ks_end\app.js:62
    console.log(`${req.method}~~${req.path}~~${req.hostname}~~${req.ip}~~${req.protocol}~~${req.query}~~${}`)
                                                                                                          ^

SyntaxError: Unexpected token '}'
    at Module._compile (internal/modules/cjs/loader.js:895:18)
    at Object.Module._extensions..js (internal/modules/cjs/loader.js:995:10)
    at Module.load (internal/modules/cjs/loader.js:815:32)
    at Function.Module._load (internal/modules/cjs/loader.js:727:14)
    at Object.<anonymous> (C:\Users\Admin\AppData\Roaming\npm\node_modules\pm2\lib\ProcessContainerFork.js:32:23)
    at Module._compile (internal/modules/cjs/loader.js:959:30)
    at Object.Module._extensions..js (internal/modules/cjs/loader.js:995:10)
    at Module.load (internal/modules/cjs/loader.js:815:32)
    at Function.Module._load (internal/modules/cjs/loader.js:727:14)
    at Function.Module.runMain (internal/modules/cjs/loader.js:1047:10)
D:\htd\ks_end\app.js:62
    console.log(`${req.method}~~${req.path}~~${req.hostname}~~${req.ip}~~${req.protocol}~~${req.query}~~${}`)
                                                                                                          ^

SyntaxError: Unexpected token '}'
    at Module._compile (internal/modules/cjs/loader.js:895:18)
    at Object.Module._extensions..js (internal/modules/cjs/loader.js:995:10)
    at Module.load (internal/modules/cjs/loader.js:815:32)
    at Function.Module._load (internal/modules/cjs/loader.js:727:14)
    at Object.<anonymous> (C:\Users\Admin\AppData\Roaming\npm\node_modules\pm2\lib\ProcessContainerFork.js:32:23)
    at Module._compile (internal/modules/cjs/loader.js:959:30)
    at Object.Module._extensions..js (internal/modules/cjs/loader.js:995:10)
    at Module.load (internal/modules/cjs/loader.js:815:32)
    at Function.Module._load (internal/modules/cjs/loader.js:727:14)
    at Function.Module.runMain (internal/modules/cjs/loader.js:1047:10)
D:\htd\ks_end\app.js:62
    console.log(`${req.method}~~${req.path}~~${req.hostname}~~${req.ip}~~${req.protocol}~~${req.query}~~${}`)
                                                                                                          ^

SyntaxError: Unexpected token '}'
    at Module._compile (internal/modules/cjs/loader.js:895:18)
    at Object.Module._extensions..js (internal/modules/cjs/loader.js:995:10)
    at Module.load (internal/modules/cjs/loader.js:815:32)
    at Function.Module._load (internal/modules/cjs/loader.js:727:14)
    at Object.<anonymous> (C:\Users\Admin\AppData\Roaming\npm\node_modules\pm2\lib\ProcessContainerFork.js:32:23)
    at Module._compile (internal/modules/cjs/loader.js:959:30)
    at Object.Module._extensions..js (internal/modules/cjs/loader.js:995:10)
    at Module.load (internal/modules/cjs/loader.js:815:32)
    at Function.Module._load (internal/modules/cjs/loader.js:727:14)
    at Function.Module.runMain (internal/modules/cjs/loader.js:1047:10)
D:\htd\ks_end\app.js:62
    console.log(`${req.method}~~${req.path}~~${req.hostname}~~${req.ip}~~${req.protocol}~~${req.query}~~${}`)
                                                                                                          ^

SyntaxError: Unexpected token '}'
    at Module._compile (internal/modules/cjs/loader.js:895:18)
    at Object.Module._extensions..js (internal/modules/cjs/loader.js:995:10)
    at Module.load (internal/modules/cjs/loader.js:815:32)
    at Function.Module._load (internal/modules/cjs/loader.js:727:14)
    at Object.<anonymous> (C:\Users\Admin\AppData\Roaming\npm\node_modules\pm2\lib\ProcessContainerFork.js:32:23)
    at Module._compile (internal/modules/cjs/loader.js:959:30)
    at Object.Module._extensions..js (internal/modules/cjs/loader.js:995:10)
    at Module.load (internal/modules/cjs/loader.js:815:32)
    at Function.Module._load (internal/modules/cjs/loader.js:727:14)
    at Function.Module.runMain (internal/modules/cjs/loader.js:1047:10)
D:\htd\ks_end\app.js:62
    console.log(`${req.method}~~${req.path}~~${req.hostname}~~${req.ip}~~${req.protocol}~~${req.query}~~${}`)
                                                                                                          ^

SyntaxError: Unexpected token '}'
    at Module._compile (internal/modules/cjs/loader.js:895:18)
    at Object.Module._extensions..js (internal/modules/cjs/loader.js:995:10)
    at Module.load (internal/modules/cjs/loader.js:815:32)
    at Function.Module._load (internal/modules/cjs/loader.js:727:14)
    at Object.<anonymous> (C:\Users\Admin\AppData\Roaming\npm\node_modules\pm2\lib\ProcessContainerFork.js:32:23)
    at Module._compile (internal/modules/cjs/loader.js:959:30)
    at Object.Module._extensions..js (internal/modules/cjs/loader.js:995:10)
    at Module.load (internal/modules/cjs/loader.js:815:32)
    at Function.Module._load (internal/modules/cjs/loader.js:727:14)
    at Function.Module.runMain (internal/modules/cjs/loader.js:1047:10)
D:\htd\ks_end\app.js:62
    console.log(`${req.method}~~${req.path}~~${req.hostname}~~${req.ip}~~${req.protocol}~~${req.query}~~${}`)
                                                                                                          ^

SyntaxError: Unexpected token '}'
    at Module._compile (internal/modules/cjs/loader.js:895:18)
    at Object.Module._extensions..js (internal/modules/cjs/loader.js:995:10)
    at Module.load (internal/modules/cjs/loader.js:815:32)
    at Function.Module._load (internal/modules/cjs/loader.js:727:14)
    at Object.<anonymous> (C:\Users\Admin\AppData\Roaming\npm\node_modules\pm2\lib\ProcessContainerFork.js:32:23)
    at Module._compile (internal/modules/cjs/loader.js:959:30)
    at Object.Module._extensions..js (internal/modules/cjs/loader.js:995:10)
    at Module.load (internal/modules/cjs/loader.js:815:32)
    at Function.Module._load (internal/modules/cjs/loader.js:727:14)
    at Function.Module.runMain (internal/modules/cjs/loader.js:1047:10)
D:\htd\ks_end\app.js:62
    console.log(`${req.method}~~${req.path}~~${req.hostname}~~${req.ip}~~${req.protocol}~~${req.query}~~${}`)
                                                                                                          ^

SyntaxError: Unexpected token '}'
    at Module._compile (internal/modules/cjs/loader.js:895:18)
    at Object.Module._extensions..js (internal/modules/cjs/loader.js:995:10)
    at Module.load (internal/modules/cjs/loader.js:815:32)
    at Function.Module._load (internal/modules/cjs/loader.js:727:14)
    at Object.<anonymous> (C:\Users\Admin\AppData\Roaming\npm\node_modules\pm2\lib\ProcessContainerFork.js:32:23)
    at Module._compile (internal/modules/cjs/loader.js:959:30)
    at Object.Module._extensions..js (internal/modules/cjs/loader.js:995:10)
    at Module.load (internal/modules/cjs/loader.js:815:32)
    at Function.Module._load (internal/modules/cjs/loader.js:727:14)
    at Function.Module.runMain (internal/modules/cjs/loader.js:1047:10)
Error: Unknown 'options.interval' format: 
    at checkMeasure (D:\htd\ks_end\node_modules\rotating-file-stream\index.js:560:15)
    at checkInterval (D:\htd\ks_end\node_modules\rotating-file-stream\index.js:582:17)
    at Object.interval (D:\htd\ks_end\node_modules\rotating-file-stream\index.js:553:26)
    at checkOpts (D:\htd\ks_end\node_modules\rotating-file-stream\index.js:655:20)
    at Object.createStream (D:\htd\ks_end\node_modules\rotating-file-stream\index.js:697:18)
    at Object.<anonymous> (D:\htd\ks_end\app.js:66:27)
    at Module._compile (internal/modules/cjs/loader.js:959:30)
    at Object.Module._extensions..js (internal/modules/cjs/loader.js:995:10)
    at Module.load (internal/modules/cjs/loader.js:815:32)
    at Function.Module._load (internal/modules/cjs/loader.js:727:14)
Error: Unknown 'options.interval' format: 
    at checkMeasure (D:\htd\ks_end\node_modules\rotating-file-stream\index.js:560:15)
    at checkInterval (D:\htd\ks_end\node_modules\rotating-file-stream\index.js:582:17)
    at Object.interval (D:\htd\ks_end\node_modules\rotating-file-stream\index.js:553:26)
    at checkOpts (D:\htd\ks_end\node_modules\rotating-file-stream\index.js:655:20)
    at Object.createStream (D:\htd\ks_end\node_modules\rotating-file-stream\index.js:697:18)
    at Object.<anonymous> (D:\htd\ks_end\app.js:66:27)
    at Module._compile (internal/modules/cjs/loader.js:959:30)
    at Object.Module._extensions..js (internal/modules/cjs/loader.js:995:10)
    at Module.load (internal/modules/cjs/loader.js:815:32)
    at Function.Module._load (internal/modules/cjs/loader.js:727:14)
Error: Unknown 'options.interval' format: 
    at checkMeasure (D:\htd\ks_end\node_modules\rotating-file-stream\index.js:560:15)
    at checkInterval (D:\htd\ks_end\node_modules\rotating-file-stream\index.js:582:17)
    at Object.interval (D:\htd\ks_end\node_modules\rotating-file-stream\index.js:553:26)
    at checkOpts (D:\htd\ks_end\node_modules\rotating-file-stream\index.js:655:20)
    at Object.createStream (D:\htd\ks_end\node_modules\rotating-file-stream\index.js:697:18)
    at Object.<anonymous> (D:\htd\ks_end\app.js:66:27)
    at Module._compile (internal/modules/cjs/loader.js:959:30)
    at Object.Module._extensions..js (internal/modules/cjs/loader.js:995:10)
    at Module.load (internal/modules/cjs/loader.js:815:32)
    at Function.Module._load (internal/modules/cjs/loader.js:727:14)
Error: Unknown 'options.interval' format: 
    at checkMeasure (D:\htd\ks_end\node_modules\rotating-file-stream\index.js:560:15)
    at checkInterval (D:\htd\ks_end\node_modules\rotating-file-stream\index.js:582:17)
    at Object.interval (D:\htd\ks_end\node_modules\rotating-file-stream\index.js:553:26)
    at checkOpts (D:\htd\ks_end\node_modules\rotating-file-stream\index.js:655:20)
    at Object.createStream (D:\htd\ks_end\node_modules\rotating-file-stream\index.js:697:18)
    at Object.<anonymous> (D:\htd\ks_end\app.js:66:27)
    at Module._compile (internal/modules/cjs/loader.js:959:30)
    at Object.Module._extensions..js (internal/modules/cjs/loader.js:995:10)
    at Module.load (internal/modules/cjs/loader.js:815:32)
    at Function.Module._load (internal/modules/cjs/loader.js:727:14)
Error: Unknown 'options.interval' format: 
    at checkMeasure (D:\htd\ks_end\node_modules\rotating-file-stream\index.js:560:15)
    at checkInterval (D:\htd\ks_end\node_modules\rotating-file-stream\index.js:582:17)
    at Object.interval (D:\htd\ks_end\node_modules\rotating-file-stream\index.js:553:26)
    at checkOpts (D:\htd\ks_end\node_modules\rotating-file-stream\index.js:655:20)
    at Object.createStream (D:\htd\ks_end\node_modules\rotating-file-stream\index.js:697:18)
    at Object.<anonymous> (D:\htd\ks_end\app.js:66:27)
    at Module._compile (internal/modules/cjs/loader.js:959:30)
    at Object.Module._extensions..js (internal/modules/cjs/loader.js:995:10)
    at Module.load (internal/modules/cjs/loader.js:815:32)
    at Function.Module._load (internal/modules/cjs/loader.js:727:14)
Error: Unknown 'options.interval' format: 
    at checkMeasure (D:\htd\ks_end\node_modules\rotating-file-stream\index.js:560:15)
    at checkInterval (D:\htd\ks_end\node_modules\rotating-file-stream\index.js:582:17)
    at Object.interval (D:\htd\ks_end\node_modules\rotating-file-stream\index.js:553:26)
    at checkOpts (D:\htd\ks_end\node_modules\rotating-file-stream\index.js:655:20)
    at Object.createStream (D:\htd\ks_end\node_modules\rotating-file-stream\index.js:697:18)
    at Object.<anonymous> (D:\htd\ks_end\app.js:66:27)
    at Module._compile (internal/modules/cjs/loader.js:959:30)
    at Object.Module._extensions..js (internal/modules/cjs/loader.js:995:10)
    at Module.load (internal/modules/cjs/loader.js:815:32)
    at Function.Module._load (internal/modules/cjs/loader.js:727:14)
Error: Unknown 'options.interval' format: 
    at checkMeasure (D:\htd\ks_end\node_modules\rotating-file-stream\index.js:560:15)
    at checkInterval (D:\htd\ks_end\node_modules\rotating-file-stream\index.js:582:17)
    at Object.interval (D:\htd\ks_end\node_modules\rotating-file-stream\index.js:553:26)
    at checkOpts (D:\htd\ks_end\node_modules\rotating-file-stream\index.js:655:20)
    at Object.createStream (D:\htd\ks_end\node_modules\rotating-file-stream\index.js:697:18)
    at Object.<anonymous> (D:\htd\ks_end\app.js:66:27)
    at Module._compile (internal/modules/cjs/loader.js:959:30)
    at Object.Module._extensions..js (internal/modules/cjs/loader.js:995:10)
    at Module.load (internal/modules/cjs/loader.js:815:32)
    at Function.Module._load (internal/modules/cjs/loader.js:727:14)
Error: Unknown 'options.interval' format: 
    at checkMeasure (D:\htd\ks_end\node_modules\rotating-file-stream\index.js:560:15)
    at checkInterval (D:\htd\ks_end\node_modules\rotating-file-stream\index.js:582:17)
    at Object.interval (D:\htd\ks_end\node_modules\rotating-file-stream\index.js:553:26)
    at checkOpts (D:\htd\ks_end\node_modules\rotating-file-stream\index.js:655:20)
    at Object.createStream (D:\htd\ks_end\node_modules\rotating-file-stream\index.js:697:18)
    at Object.<anonymous> (D:\htd\ks_end\app.js:66:27)
    at Module._compile (internal/modules/cjs/loader.js:959:30)
    at Object.Module._extensions..js (internal/modules/cjs/loader.js:995:10)
    at Module.load (internal/modules/cjs/loader.js:815:32)
    at Function.Module._load (internal/modules/cjs/loader.js:727:14)
Error: Unknown 'options.interval' format: 
    at checkMeasure (D:\htd\ks_end\node_modules\rotating-file-stream\index.js:560:15)
    at checkInterval (D:\htd\ks_end\node_modules\rotating-file-stream\index.js:582:17)
    at Object.interval (D:\htd\ks_end\node_modules\rotating-file-stream\index.js:553:26)
    at checkOpts (D:\htd\ks_end\node_modules\rotating-file-stream\index.js:655:20)
    at Object.createStream (D:\htd\ks_end\node_modules\rotating-file-stream\index.js:697:18)
    at Object.<anonymous> (D:\htd\ks_end\app.js:66:27)
    at Module._compile (internal/modules/cjs/loader.js:959:30)
    at Object.Module._extensions..js (internal/modules/cjs/loader.js:995:10)
    at Module.load (internal/modules/cjs/loader.js:815:32)
    at Function.Module._load (internal/modules/cjs/loader.js:727:14)
Error: Unknown 'options.interval' format: 
    at checkMeasure (D:\htd\ks_end\node_modules\rotating-file-stream\index.js:560:15)
    at checkInterval (D:\htd\ks_end\node_modules\rotating-file-stream\index.js:582:17)
    at Object.interval (D:\htd\ks_end\node_modules\rotating-file-stream\index.js:553:26)
    at checkOpts (D:\htd\ks_end\node_modules\rotating-file-stream\index.js:655:20)
    at Object.createStream (D:\htd\ks_end\node_modules\rotating-file-stream\index.js:697:18)
    at Object.<anonymous> (D:\htd\ks_end\app.js:66:27)
    at Module._compile (internal/modules/cjs/loader.js:959:30)
    at Object.Module._extensions..js (internal/modules/cjs/loader.js:995:10)
    at Module.load (internal/modules/cjs/loader.js:815:32)
    at Function.Module._load (internal/modules/cjs/loader.js:727:14)
Error: Unknown 'options.interval' format: 
    at checkMeasure (D:\htd\ks_end\node_modules\rotating-file-stream\index.js:560:15)
    at checkInterval (D:\htd\ks_end\node_modules\rotating-file-stream\index.js:582:17)
    at Object.interval (D:\htd\ks_end\node_modules\rotating-file-stream\index.js:553:26)
    at checkOpts (D:\htd\ks_end\node_modules\rotating-file-stream\index.js:655:20)
    at Object.createStream (D:\htd\ks_end\node_modules\rotating-file-stream\index.js:697:18)
    at Object.<anonymous> (D:\htd\ks_end\app.js:66:27)
    at Module._compile (internal/modules/cjs/loader.js:959:30)
    at Object.Module._extensions..js (internal/modules/cjs/loader.js:995:10)
    at Module.load (internal/modules/cjs/loader.js:815:32)
    at Function.Module._load (internal/modules/cjs/loader.js:727:14)
Error: Unknown 'options.interval' format: 
    at checkMeasure (D:\htd\ks_end\node_modules\rotating-file-stream\index.js:560:15)
    at checkInterval (D:\htd\ks_end\node_modules\rotating-file-stream\index.js:582:17)
    at Object.interval (D:\htd\ks_end\node_modules\rotating-file-stream\index.js:553:26)
    at checkOpts (D:\htd\ks_end\node_modules\rotating-file-stream\index.js:655:20)
    at Object.createStream (D:\htd\ks_end\node_modules\rotating-file-stream\index.js:697:18)
    at Object.<anonymous> (D:\htd\ks_end\app.js:66:27)
    at Module._compile (internal/modules/cjs/loader.js:959:30)
    at Object.Module._extensions..js (internal/modules/cjs/loader.js:995:10)
    at Module.load (internal/modules/cjs/loader.js:815:32)
    at Function.Module._load (internal/modules/cjs/loader.js:727:14)
Error: Unknown 'options.interval' format: 
    at checkMeasure (D:\htd\ks_end\node_modules\rotating-file-stream\index.js:560:15)
    at checkInterval (D:\htd\ks_end\node_modules\rotating-file-stream\index.js:582:17)
    at Object.interval (D:\htd\ks_end\node_modules\rotating-file-stream\index.js:553:26)
    at checkOpts (D:\htd\ks_end\node_modules\rotating-file-stream\index.js:655:20)
    at Object.createStream (D:\htd\ks_end\node_modules\rotating-file-stream\index.js:697:18)
    at Object.<anonymous> (D:\htd\ks_end\app.js:66:27)
    at Module._compile (internal/modules/cjs/loader.js:959:30)
    at Object.Module._extensions..js (internal/modules/cjs/loader.js:995:10)
    at Module.load (internal/modules/cjs/loader.js:815:32)
    at Function.Module._load (internal/modules/cjs/loader.js:727:14)
Error: Unknown 'options.interval' format: 
    at checkMeasure (D:\htd\ks_end\node_modules\rotating-file-stream\index.js:560:15)
    at checkInterval (D:\htd\ks_end\node_modules\rotating-file-stream\index.js:582:17)
    at Object.interval (D:\htd\ks_end\node_modules\rotating-file-stream\index.js:553:26)
    at checkOpts (D:\htd\ks_end\node_modules\rotating-file-stream\index.js:655:20)
    at Object.createStream (D:\htd\ks_end\node_modules\rotating-file-stream\index.js:697:18)
    at Object.<anonymous> (D:\htd\ks_end\app.js:66:27)
    at Module._compile (internal/modules/cjs/loader.js:959:30)
    at Object.Module._extensions..js (internal/modules/cjs/loader.js:995:10)
    at Module.load (internal/modules/cjs/loader.js:815:32)
    at Function.Module._load (internal/modules/cjs/loader.js:727:14)
Error: Unknown 'options.interval' format: 
    at checkMeasure (D:\htd\ks_end\node_modules\rotating-file-stream\index.js:560:15)
    at checkInterval (D:\htd\ks_end\node_modules\rotating-file-stream\index.js:582:17)
    at Object.interval (D:\htd\ks_end\node_modules\rotating-file-stream\index.js:553:26)
    at checkOpts (D:\htd\ks_end\node_modules\rotating-file-stream\index.js:655:20)
    at Object.createStream (D:\htd\ks_end\node_modules\rotating-file-stream\index.js:697:18)
    at Object.<anonymous> (D:\htd\ks_end\app.js:66:27)
    at Module._compile (internal/modules/cjs/loader.js:959:30)
    at Object.Module._extensions..js (internal/modules/cjs/loader.js:995:10)
    at Module.load (internal/modules/cjs/loader.js:815:32)
    at Function.Module._load (internal/modules/cjs/loader.js:727:14)
Error: Unknown 'options.interval' format: 
    at checkMeasure (D:\htd\ks_end\node_modules\rotating-file-stream\index.js:560:15)
    at checkInterval (D:\htd\ks_end\node_modules\rotating-file-stream\index.js:582:17)
    at Object.interval (D:\htd\ks_end\node_modules\rotating-file-stream\index.js:553:26)
    at checkOpts (D:\htd\ks_end\node_modules\rotating-file-stream\index.js:655:20)
    at Object.createStream (D:\htd\ks_end\node_modules\rotating-file-stream\index.js:697:18)
    at Object.<anonymous> (D:\htd\ks_end\app.js:66:27)
    at Module._compile (internal/modules/cjs/loader.js:959:30)
    at Object.Module._extensions..js (internal/modules/cjs/loader.js:995:10)
    at Module.load (internal/modules/cjs/loader.js:815:32)
    at Function.Module._load (internal/modules/cjs/loader.js:727:14)
Error: Unknown 'options.interval' format: 
    at checkMeasure (D:\htd\ks_end\node_modules\rotating-file-stream\index.js:560:15)
    at checkInterval (D:\htd\ks_end\node_modules\rotating-file-stream\index.js:582:17)
    at Object.interval (D:\htd\ks_end\node_modules\rotating-file-stream\index.js:553:26)
    at checkOpts (D:\htd\ks_end\node_modules\rotating-file-stream\index.js:655:20)
    at Object.createStream (D:\htd\ks_end\node_modules\rotating-file-stream\index.js:697:18)
    at Object.<anonymous> (D:\htd\ks_end\app.js:66:27)
    at Module._compile (internal/modules/cjs/loader.js:959:30)
    at Object.Module._extensions..js (internal/modules/cjs/loader.js:995:10)
    at Module.load (internal/modules/cjs/loader.js:815:32)
    at Function.Module._load (internal/modules/cjs/loader.js:727:14)
Error: Unknown 'options.interval' format: 
    at checkMeasure (D:\htd\ks_end\node_modules\rotating-file-stream\index.js:560:15)
    at checkInterval (D:\htd\ks_end\node_modules\rotating-file-stream\index.js:582:17)
    at Object.interval (D:\htd\ks_end\node_modules\rotating-file-stream\index.js:553:26)
    at checkOpts (D:\htd\ks_end\node_modules\rotating-file-stream\index.js:655:20)
    at Object.createStream (D:\htd\ks_end\node_modules\rotating-file-stream\index.js:697:18)
    at Object.<anonymous> (D:\htd\ks_end\app.js:66:27)
    at Module._compile (internal/modules/cjs/loader.js:959:30)
    at Object.Module._extensions..js (internal/modules/cjs/loader.js:995:10)
    at Module.load (internal/modules/cjs/loader.js:815:32)
    at Function.Module._load (internal/modules/cjs/loader.js:727:14)
Error: Unknown 'options.interval' format: 
    at checkMeasure (D:\htd\ks_end\node_modules\rotating-file-stream\index.js:560:15)
    at checkInterval (D:\htd\ks_end\node_modules\rotating-file-stream\index.js:582:17)
    at Object.interval (D:\htd\ks_end\node_modules\rotating-file-stream\index.js:553:26)
    at checkOpts (D:\htd\ks_end\node_modules\rotating-file-stream\index.js:655:20)
    at Object.createStream (D:\htd\ks_end\node_modules\rotating-file-stream\index.js:697:18)
    at Object.<anonymous> (D:\htd\ks_end\app.js:66:27)
    at Module._compile (internal/modules/cjs/loader.js:959:30)
    at Object.Module._extensions..js (internal/modules/cjs/loader.js:995:10)
    at Module.load (internal/modules/cjs/loader.js:815:32)
    at Function.Module._load (internal/modules/cjs/loader.js:727:14)
Error: Unknown 'options.interval' format: 
    at checkMeasure (D:\htd\ks_end\node_modules\rotating-file-stream\index.js:560:15)
    at checkInterval (D:\htd\ks_end\node_modules\rotating-file-stream\index.js:582:17)
    at Object.interval (D:\htd\ks_end\node_modules\rotating-file-stream\index.js:553:26)
    at checkOpts (D:\htd\ks_end\node_modules\rotating-file-stream\index.js:655:20)
    at Object.createStream (D:\htd\ks_end\node_modules\rotating-file-stream\index.js:697:18)
    at Object.<anonymous> (D:\htd\ks_end\app.js:66:27)
    at Module._compile (internal/modules/cjs/loader.js:959:30)
    at Object.Module._extensions..js (internal/modules/cjs/loader.js:995:10)
    at Module.load (internal/modules/cjs/loader.js:815:32)
    at Function.Module._load (internal/modules/cjs/loader.js:727:14)
Error: Unknown 'options.interval' format: 
    at checkMeasure (D:\htd\ks_end\node_modules\rotating-file-stream\index.js:560:15)
    at checkInterval (D:\htd\ks_end\node_modules\rotating-file-stream\index.js:582:17)
    at Object.interval (D:\htd\ks_end\node_modules\rotating-file-stream\index.js:553:26)
    at checkOpts (D:\htd\ks_end\node_modules\rotating-file-stream\index.js:655:20)
    at Object.createStream (D:\htd\ks_end\node_modules\rotating-file-stream\index.js:697:18)
    at Object.<anonymous> (D:\htd\ks_end\app.js:66:27)
    at Module._compile (internal/modules/cjs/loader.js:959:30)
    at Object.Module._extensions..js (internal/modules/cjs/loader.js:995:10)
    at Module.load (internal/modules/cjs/loader.js:815:32)
    at Function.Module._load (internal/modules/cjs/loader.js:727:14)
Error: Unknown 'options.interval' format: 
    at checkMeasure (D:\htd\ks_end\node_modules\rotating-file-stream\index.js:560:15)
    at checkInterval (D:\htd\ks_end\node_modules\rotating-file-stream\index.js:582:17)
    at Object.interval (D:\htd\ks_end\node_modules\rotating-file-stream\index.js:553:26)
    at checkOpts (D:\htd\ks_end\node_modules\rotating-file-stream\index.js:655:20)
    at Object.createStream (D:\htd\ks_end\node_modules\rotating-file-stream\index.js:697:18)
    at Object.<anonymous> (D:\htd\ks_end\app.js:66:27)
    at Module._compile (internal/modules/cjs/loader.js:959:30)
    at Object.Module._extensions..js (internal/modules/cjs/loader.js:995:10)
    at Module.load (internal/modules/cjs/loader.js:815:32)
    at Function.Module._load (internal/modules/cjs/loader.js:727:14)
Error: Unknown 'options.interval' format: 
    at checkMeasure (D:\htd\ks_end\node_modules\rotating-file-stream\index.js:560:15)
    at checkInterval (D:\htd\ks_end\node_modules\rotating-file-stream\index.js:582:17)
    at Object.interval (D:\htd\ks_end\node_modules\rotating-file-stream\index.js:553:26)
    at checkOpts (D:\htd\ks_end\node_modules\rotating-file-stream\index.js:655:20)
    at Object.createStream (D:\htd\ks_end\node_modules\rotating-file-stream\index.js:697:18)
    at Object.<anonymous> (D:\htd\ks_end\app.js:66:27)
    at Module._compile (internal/modules/cjs/loader.js:959:30)
    at Object.Module._extensions..js (internal/modules/cjs/loader.js:995:10)
    at Module.load (internal/modules/cjs/loader.js:815:32)
    at Function.Module._load (internal/modules/cjs/loader.js:727:14)
Error: Unknown 'options.interval' format: 
    at checkMeasure (D:\htd\ks_end\node_modules\rotating-file-stream\index.js:560:15)
    at checkInterval (D:\htd\ks_end\node_modules\rotating-file-stream\index.js:582:17)
    at Object.interval (D:\htd\ks_end\node_modules\rotating-file-stream\index.js:553:26)
    at checkOpts (D:\htd\ks_end\node_modules\rotating-file-stream\index.js:655:20)
    at Object.createStream (D:\htd\ks_end\node_modules\rotating-file-stream\index.js:697:18)
    at Object.<anonymous> (D:\htd\ks_end\app.js:66:27)
    at Module._compile (internal/modules/cjs/loader.js:959:30)
    at Object.Module._extensions..js (internal/modules/cjs/loader.js:995:10)
    at Module.load (internal/modules/cjs/loader.js:815:32)
    at Function.Module._load (internal/modules/cjs/loader.js:727:14)
Error: Unknown 'options.interval' format: 
    at checkMeasure (D:\htd\ks_end\node_modules\rotating-file-stream\index.js:560:15)
    at checkInterval (D:\htd\ks_end\node_modules\rotating-file-stream\index.js:582:17)
    at Object.interval (D:\htd\ks_end\node_modules\rotating-file-stream\index.js:553:26)
    at checkOpts (D:\htd\ks_end\node_modules\rotating-file-stream\index.js:655:20)
    at Object.createStream (D:\htd\ks_end\node_modules\rotating-file-stream\index.js:697:18)
    at Object.<anonymous> (D:\htd\ks_end\app.js:66:27)
    at Module._compile (internal/modules/cjs/loader.js:959:30)
    at Object.Module._extensions..js (internal/modules/cjs/loader.js:995:10)
    at Module.load (internal/modules/cjs/loader.js:815:32)
    at Function.Module._load (internal/modules/cjs/loader.js:727:14)
Error: Unknown 'options.interval' format: 
    at checkMeasure (D:\htd\ks_end\node_modules\rotating-file-stream\index.js:560:15)
    at checkInterval (D:\htd\ks_end\node_modules\rotating-file-stream\index.js:582:17)
    at Object.interval (D:\htd\ks_end\node_modules\rotating-file-stream\index.js:553:26)
    at checkOpts (D:\htd\ks_end\node_modules\rotating-file-stream\index.js:655:20)
    at Object.createStream (D:\htd\ks_end\node_modules\rotating-file-stream\index.js:697:18)
    at Object.<anonymous> (D:\htd\ks_end\app.js:66:27)
    at Module._compile (internal/modules/cjs/loader.js:959:30)
    at Object.Module._extensions..js (internal/modules/cjs/loader.js:995:10)
    at Module.load (internal/modules/cjs/loader.js:815:32)
    at Function.Module._load (internal/modules/cjs/loader.js:727:14)
Error: Unknown 'options.interval' format: 
    at checkMeasure (D:\htd\ks_end\node_modules\rotating-file-stream\index.js:560:15)
    at checkInterval (D:\htd\ks_end\node_modules\rotating-file-stream\index.js:582:17)
    at Object.interval (D:\htd\ks_end\node_modules\rotating-file-stream\index.js:553:26)
    at checkOpts (D:\htd\ks_end\node_modules\rotating-file-stream\index.js:655:20)
    at Object.createStream (D:\htd\ks_end\node_modules\rotating-file-stream\index.js:697:18)
    at Object.<anonymous> (D:\htd\ks_end\app.js:66:27)
    at Module._compile (internal/modules/cjs/loader.js:959:30)
    at Object.Module._extensions..js (internal/modules/cjs/loader.js:995:10)
    at Module.load (internal/modules/cjs/loader.js:815:32)
    at Function.Module._load (internal/modules/cjs/loader.js:727:14)
Error: Unknown 'options.interval' format: 
    at checkMeasure (D:\htd\ks_end\node_modules\rotating-file-stream\index.js:560:15)
    at checkInterval (D:\htd\ks_end\node_modules\rotating-file-stream\index.js:582:17)
    at Object.interval (D:\htd\ks_end\node_modules\rotating-file-stream\index.js:553:26)
    at checkOpts (D:\htd\ks_end\node_modules\rotating-file-stream\index.js:655:20)
    at Object.createStream (D:\htd\ks_end\node_modules\rotating-file-stream\index.js:697:18)
    at Object.<anonymous> (D:\htd\ks_end\app.js:66:27)
    at Module._compile (internal/modules/cjs/loader.js:959:30)
    at Object.Module._extensions..js (internal/modules/cjs/loader.js:995:10)
    at Module.load (internal/modules/cjs/loader.js:815:32)
    at Function.Module._load (internal/modules/cjs/loader.js:727:14)
Error: Unknown 'options.interval' format: 
    at checkMeasure (D:\htd\ks_end\node_modules\rotating-file-stream\index.js:560:15)
    at checkInterval (D:\htd\ks_end\node_modules\rotating-file-stream\index.js:582:17)
    at Object.interval (D:\htd\ks_end\node_modules\rotating-file-stream\index.js:553:26)
    at checkOpts (D:\htd\ks_end\node_modules\rotating-file-stream\index.js:655:20)
    at Object.createStream (D:\htd\ks_end\node_modules\rotating-file-stream\index.js:697:18)
    at Object.<anonymous> (D:\htd\ks_end\app.js:66:27)
    at Module._compile (internal/modules/cjs/loader.js:959:30)
    at Object.Module._extensions..js (internal/modules/cjs/loader.js:995:10)
    at Module.load (internal/modules/cjs/loader.js:815:32)
    at Function.Module._load (internal/modules/cjs/loader.js:727:14)
Error: Unknown 'options.interval' format: 
    at checkMeasure (D:\htd\ks_end\node_modules\rotating-file-stream\index.js:560:15)
    at checkInterval (D:\htd\ks_end\node_modules\rotating-file-stream\index.js:582:17)
    at Object.interval (D:\htd\ks_end\node_modules\rotating-file-stream\index.js:553:26)
    at checkOpts (D:\htd\ks_end\node_modules\rotating-file-stream\index.js:655:20)
    at Object.createStream (D:\htd\ks_end\node_modules\rotating-file-stream\index.js:697:18)
    at Object.<anonymous> (D:\htd\ks_end\app.js:66:27)
    at Module._compile (internal/modules/cjs/loader.js:959:30)
    at Object.Module._extensions..js (internal/modules/cjs/loader.js:995:10)
    at Module.load (internal/modules/cjs/loader.js:815:32)
    at Function.Module._load (internal/modules/cjs/loader.js:727:14)
Error: Unknown 'options.interval' format: 
    at checkMeasure (D:\htd\ks_end\node_modules\rotating-file-stream\index.js:560:15)
    at checkInterval (D:\htd\ks_end\node_modules\rotating-file-stream\index.js:582:17)
    at Object.interval (D:\htd\ks_end\node_modules\rotating-file-stream\index.js:553:26)
    at checkOpts (D:\htd\ks_end\node_modules\rotating-file-stream\index.js:655:20)
    at Object.createStream (D:\htd\ks_end\node_modules\rotating-file-stream\index.js:697:18)
    at Object.<anonymous> (D:\htd\ks_end\app.js:66:27)
    at Module._compile (internal/modules/cjs/loader.js:959:30)
    at Object.Module._extensions..js (internal/modules/cjs/loader.js:995:10)
    at Module.load (internal/modules/cjs/loader.js:815:32)
    at Function.Module._load (internal/modules/cjs/loader.js:727:14)
Error: Unknown 'options.interval' format: 
    at checkMeasure (D:\htd\ks_end\node_modules\rotating-file-stream\index.js:560:15)
    at checkInterval (D:\htd\ks_end\node_modules\rotating-file-stream\index.js:582:17)
    at Object.interval (D:\htd\ks_end\node_modules\rotating-file-stream\index.js:553:26)
    at checkOpts (D:\htd\ks_end\node_modules\rotating-file-stream\index.js:655:20)
    at Object.createStream (D:\htd\ks_end\node_modules\rotating-file-stream\index.js:697:18)
    at Object.<anonymous> (D:\htd\ks_end\app.js:66:27)
    at Module._compile (internal/modules/cjs/loader.js:959:30)
    at Object.Module._extensions..js (internal/modules/cjs/loader.js:995:10)
    at Module.load (internal/modules/cjs/loader.js:815:32)
    at Function.Module._load (internal/modules/cjs/loader.js:727:14)
